<?xml version="1.0" encoding="UTF-8"?>
<!-- Generated by org.testng.reporters.JUnitReportReporter -->
<testsuite hostname="LAPTOP-K0K98ONV" name="FlightBookingTest1" tests="1" failures="0" timestamp="14 Oct 2017 09:41:28 GMT" time="0.010" errors="0">
  <testcase name="m1" time="0.010" classname="FlightBookingTest1"/>
</testsuite> <!-- FlightBookingTest1 -->
