<?xml version="1.0" encoding="UTF-8"?>
<!-- Generated by org.testng.reporters.JUnitReportReporter -->
<testsuite hostname="LAPTOP-K0K98ONV" name="com.vagrant.test.SignInTest" tests="1" failures="0" timestamp="14 Oct 2017 21:23:23 GMT" time="2.236" errors="0">
  <testcase name="shouldThrowAnErrorIfSignInDetailsAreMissing" time="2.236" classname="com.vagrant.test.SignInTest"/>
</testsuite> <!-- com.vagrant.test.SignInTest -->
