<?xml version="1.0" encoding="UTF-8"?>
<!-- Generated by org.testng.reporters.JUnitReportReporter -->
<testsuite hostname="LAPTOP-K0K98ONV" name="com.vagrant.test.FlightBookingTest" tests="1" failures="0" timestamp="14 Oct 2017 21:23:23 GMT" time="4.302" errors="0">
  <testcase name="testThatResultsAppearForAOneWayJourney" time="4.302" classname="com.vagrant.test.FlightBookingTest"/>
</testsuite> <!-- com.vagrant.test.FlightBookingTest -->
