<?xml version="1.0" encoding="UTF-8"?>
<!-- Generated by org.testng.reporters.JUnitReportReporter -->
<testsuite hostname="LAPTOP-K0K98ONV" name="A1" tests="1" failures="0" timestamp="14 Oct 2017 15:14:58 GMT" time="0.005" errors="0">
  <testcase name="m2" time="0.005" classname="A1"/>
</testsuite> <!-- A1 -->
