<?xml version="1.0" encoding="UTF-8"?>
<!-- Generated by org.testng.reporters.JUnitReportReporter -->
<testsuite hostname="LAPTOP-K0K98ONV" name="com.vagrant.test.HotelBookingTest" tests="1" failures="0" timestamp="14 Oct 2017 21:23:23 GMT" time="4.876" errors="0">
  <testcase name="shouldBeAbleToSearchForHotels" time="4.876" classname="com.vagrant.test.HotelBookingTest"/>
</testsuite> <!-- com.vagrant.test.HotelBookingTest -->
