<?xml version="1.0" encoding="UTF-8"?>
<!-- Generated by org.testng.reporters.JUnitReportReporter -->
<testsuite hostname="LAPTOP-K0K98ONV" name="SignInTest" tests="1" failures="0" timestamp="14 Oct 2017 19:28:47 GMT" time="2.600" errors="0">
  <testcase name="shouldThrowAnErrorIfSignInDetailsAreMissing" time="2.600" classname="SignInTest"/>
</testsuite> <!-- SignInTest -->
