<?xml version="1.0" encoding="UTF-8"?>
<!-- Generated by org.testng.reporters.JUnitReportReporter -->
<testsuite hostname="LAPTOP-K0K98ONV" name="FlightBookingTestNew" tests="1" failures="0" timestamp="14 Oct 2017 19:29:52 GMT" time="5.367" errors="0">
  <testcase name="testThatResultsAppearForAOneWayJourney" time="5.367" classname="FlightBookingTestNew"/>
</testsuite> <!-- FlightBookingTestNew -->
