<?xml version="1.0" encoding="UTF-8"?>
<!-- Generated by org.testng.reporters.JUnitReportReporter -->
<testsuite hostname="LAPTOP-K0K98ONV" name="FlightBookingTest" tests="1" failures="0" timestamp="14 Oct 2017 20:25:33 GMT" time="3.688" errors="0">
  <testcase name="testThatResultsAppearForAOneWayJourney" time="3.688" classname="FlightBookingTest"/>
</testsuite> <!-- FlightBookingTest -->
