<?xml version="1.0" encoding="UTF-8"?>
<!-- Generated by org.testng.reporters.JUnitReportReporter -->
<testsuite hostname="LAPTOP-K0K98ONV" name="HotelBookingTest" tests="1" failures="0" timestamp="14 Oct 2017 20:46:32 GMT" time="4.258" errors="0">
  <testcase name="shouldBeAbleToSearchForHotels" time="4.258" classname="HotelBookingTest"/>
</testsuite> <!-- HotelBookingTest -->
